<?xml version="1.0" encoding="UTF-8"?>
<robot generator="Rebot 7.0 (Python 3.12.3 on win32)" generated="2025-02-26T16:18:25.408052" rpa="false" schemaversion="5">
<suite id="s1" name="Suites">
<suite id="s1-s1" name="01 Test One copy 2" source="C:\Users\khaba\OneDrive\Bureau\PY\Test-Automation-managements\Test_For_Tests\01_Test_One copy 2.robot">
<test id="s1-s1-t1" name="Test Recherche Wikipedia" line="12">
<kw name="Open Browser" owner="SeleniumLibrary">
<msg time="2025-02-26T16:17:41.719707" level="INFO">Opening browser 'Chrome' to base url 'https://www.wikipedia.org/'.</msg>
<arg>${URL}</arg>
<arg>${BROWSER}</arg>
<doc>Opens a new browser instance to the optional ``url``.</doc>
<status status="PASS" start="2025-02-26T16:17:41.719707" elapsed="16.201513"/>
</kw>
<kw name="Maximize Browser Window" owner="SeleniumLibrary">
<doc>Maximizes current browser window.</doc>
<status status="PASS" start="2025-02-26T16:17:57.923247" elapsed="1.348540"/>
</kw>
<kw name="Wait Until Element Is Visible" owner="SeleniumLibrary">
<arg>${SEARCH_FIELD}</arg>
<arg>timeout=5s</arg>
<doc>Waits until the element ``locator`` is visible.</doc>
<status status="PASS" start="2025-02-26T16:17:59.271787" elapsed="0.066296"/>
</kw>
<kw name="Input Text" owner="SeleniumLibrary">
<msg time="2025-02-26T16:17:59.342055" level="INFO">Typing text 'Robot Framework' into text field 'name=search'.</msg>
<arg>${SEARCH_FIELD}</arg>
<arg>Robot Framework</arg>
<doc>Types the given ``text`` into the text field identified by ``locator``.</doc>
<status status="PASS" start="2025-02-26T16:17:59.338083" elapsed="0.286576"/>
</kw>
<kw name="Click Element" owner="SeleniumLibrary">
<msg time="2025-02-26T16:17:59.625681" level="INFO">Clicking element 'xpath=//button[@type='submit']'.</msg>
<arg>${SEARCH_BUTTON}</arg>
<doc>Click the element identified by ``locator``.</doc>
<status status="PASS" start="2025-02-26T16:17:59.625681" elapsed="1.448944"/>
</kw>
<kw name="Wait Until Element Is Visible" owner="SeleniumLibrary">
<arg>${RESULT_TITLE}</arg>
<arg>timeout=5s</arg>
<doc>Waits until the element ``locator`` is visible.</doc>
<status status="PASS" start="2025-02-26T16:18:01.074625" elapsed="0.129509"/>
</kw>
<kw name="Element Should Contain" owner="SeleniumLibrary">
<msg time="2025-02-26T16:18:01.245240" level="INFO">Element 'id=firstHeading' contains text 'Robot Framework'.</msg>
<arg>${RESULT_TITLE}</arg>
<arg>Robot Framework</arg>
<doc>Verifies that element ``locator`` contains text ``expected``.</doc>
<status status="PASS" start="2025-02-26T16:18:01.204134" elapsed="0.041106"/>
</kw>
<kw name="Close Browser" owner="SeleniumLibrary" type="TEARDOWN">
<doc>Closes the current browser.</doc>
<status status="PASS" start="2025-02-26T16:18:01.245240" elapsed="2.284298"/>
</kw>
<status status="PASS" start="2025-02-26T16:17:41.719707" elapsed="21.809831"/>
</test>
<status status="PASS" start="2025-02-26T16:17:41.188000" elapsed="22.344678"/>
</suite>
<suite id="s1-s2" name="02 Test Two copy 2" source="C:\Users\khaba\OneDrive\Bureau\PY\Test-Automation-managements\Test_For_Tests\02_Test_Two copy 2.robot">
<test id="s1-s2-t1" name="Test Conversion Monnaie XE" line="14">
<kw name="Open Browser" owner="SeleniumLibrary">
<msg time="2025-02-26T16:17:41.719707" level="INFO">Opening browser 'Chrome' to base url 'https://www.xe.com/'.</msg>
<msg time="2025-02-26T16:17:55.007718" level="WARN">Error sending stats to Plausible: error sending request for url (https://plausible.io/api/event)</msg>
<arg>${URL}</arg>
<arg>${BROWSER}</arg>
<doc>Opens a new browser instance to the optional ``url``.</doc>
<status status="PASS" start="2025-02-26T16:17:41.719707" elapsed="29.416468"/>
</kw>
<kw name="Maximize Browser Window" owner="SeleniumLibrary">
<doc>Maximizes current browser window.</doc>
<status status="PASS" start="2025-02-26T16:18:11.138435" elapsed="0.110905"/>
</kw>
<kw name="Wait Until Element Is Visible" owner="SeleniumLibrary">
<msg time="2025-02-26T16:18:16.782267" level="INFO" html="true">&lt;/td&gt;&lt;/tr&gt;&lt;tr&gt;&lt;td colspan="3"&gt;&lt;a href="1-selenium-screenshot-1.png"&gt;&lt;img src="1-selenium-screenshot-1.png" width="800px"&gt;&lt;/a&gt;</msg>
<msg time="2025-02-26T16:18:16.782267" level="FAIL">Element 'name=Amount' not visible after 5 seconds.</msg>
<arg>${AMOUNT_FIELD}</arg>
<arg>timeout=5s</arg>
<doc>Waits until the element ``locator`` is visible.</doc>
<status status="FAIL" start="2025-02-26T16:18:11.250819" elapsed="5.533457">Element 'name=Amount' not visible after 5 seconds.</status>
</kw>
<kw name="Input Text" owner="SeleniumLibrary">
<arg>${AMOUNT_FIELD}</arg>
<arg>100</arg>
<doc>Types the given ``text`` into the text field identified by ``locator``.</doc>
<status status="NOT RUN" start="2025-02-26T16:18:16.784276" elapsed="0.000000"/>
</kw>
<kw name="Select From List By Label" owner="SeleniumLibrary">
<arg>${FROM_CURRENCY}</arg>
<arg>EUR</arg>
<doc>Selects options from selection list ``locator`` by ``labels``.</doc>
<status status="NOT RUN" start="2025-02-26T16:18:16.784276" elapsed="0.000000"/>
</kw>
<kw name="Select From List By Label" owner="SeleniumLibrary">
<arg>${TO_CURRENCY}</arg>
<arg>USD</arg>
<doc>Selects options from selection list ``locator`` by ``labels``.</doc>
<status status="NOT RUN" start="2025-02-26T16:18:16.784276" elapsed="0.005353"/>
</kw>
<kw name="Click Element" owner="SeleniumLibrary">
<arg>${CONVERT_BUTTON}</arg>
<doc>Click the element identified by ``locator``.</doc>
<status status="NOT RUN" start="2025-02-26T16:18:16.789629" elapsed="0.000000"/>
</kw>
<kw name="Wait Until Element Is Visible" owner="SeleniumLibrary">
<arg>${RESULT_SECTION}</arg>
<arg>timeout=5s</arg>
<doc>Waits until the element ``locator`` is visible.</doc>
<status status="NOT RUN" start="2025-02-26T16:18:16.789629" elapsed="0.001191"/>
</kw>
<kw name="Element Should Be Visible" owner="SeleniumLibrary">
<arg>${RESULT_SECTION}</arg>
<doc>Verifies that the element identified by ``locator`` is visible.</doc>
<status status="NOT RUN" start="2025-02-26T16:18:16.790820" elapsed="0.000000"/>
</kw>
<kw name="Close Browser" owner="SeleniumLibrary" type="TEARDOWN">
<doc>Closes the current browser.</doc>
<status status="PASS" start="2025-02-26T16:18:16.790820" elapsed="3.984892"/>
</kw>
<status status="FAIL" start="2025-02-26T16:17:41.719707" elapsed="39.056005">Element 'name=Amount' not visible after 5 seconds.</status>
</test>
<status status="FAIL" start="2025-02-26T16:17:41.214805" elapsed="39.569166"/>
</suite>
<suite id="s1-s3" name="04 Test Foure copy 2" source="C:\Users\khaba\OneDrive\Bureau\PY\Test-Automation-managements\Test_For_Tests\04_Test_Foure copy 2.robot">
<test id="s1-s3-t1" name="Test Conversion Unité" line="14">
<kw name="Open Browser" owner="SeleniumLibrary">
<msg time="2025-02-26T16:17:41.715283" level="INFO">Opening browser 'Chrome' to base url 'https://www.unitconverters.net/'.</msg>
<msg time="2025-02-26T16:17:55.007718" level="WARN">Error sending stats to Plausible: error sending request for url (https://plausible.io/api/event)</msg>
<arg>${URL}</arg>
<arg>${BROWSER}</arg>
<doc>Opens a new browser instance to the optional ``url``.</doc>
<status status="PASS" start="2025-02-26T16:17:41.715283" elapsed="16.859862"/>
</kw>
<kw name="Maximize Browser Window" owner="SeleniumLibrary">
<doc>Maximizes current browser window.</doc>
<status status="PASS" start="2025-02-26T16:17:58.575145" elapsed="0.082186"/>
</kw>
<kw name="Wait Until Element Is Visible" owner="SeleniumLibrary">
<arg>${CATEGORY_LINK}</arg>
<arg>timeout=5s</arg>
<doc>Waits until the element ``locator`` is visible.</doc>
<status status="PASS" start="2025-02-26T16:17:58.657331" elapsed="0.085557"/>
</kw>
<kw name="Click Element" owner="SeleniumLibrary">
<msg time="2025-02-26T16:17:58.744645" level="INFO">Clicking element 'xpath=//a[text()='Length']'.</msg>
<arg>${CATEGORY_LINK}</arg>
<doc>Click the element identified by ``locator``.</doc>
<status status="PASS" start="2025-02-26T16:17:58.742888" elapsed="0.267790"/>
</kw>
<kw name="Wait Until Element Is Visible" owner="SeleniumLibrary">
<arg>${INPUT_FIELD}</arg>
<arg>timeout=5s</arg>
<doc>Waits until the element ``locator`` is visible.</doc>
<status status="PASS" start="2025-02-26T16:17:59.010678" elapsed="0.050656"/>
</kw>
<kw name="Input Text" owner="SeleniumLibrary">
<msg time="2025-02-26T16:17:59.064188" level="INFO">Typing text '10' into text field 'id=fromVal'.</msg>
<arg>${INPUT_FIELD}</arg>
<arg>10</arg>
<doc>Types the given ``text`` into the text field identified by ``locator``.</doc>
<status status="PASS" start="2025-02-26T16:17:59.064188" elapsed="0.285553"/>
</kw>
<kw name="Select From List By Label" owner="SeleniumLibrary">
<msg time="2025-02-26T16:17:59.349741" level="INFO">Selecting options from selection list 'id=calFrom' by label Meters.</msg>
<msg time="2025-02-26T16:17:59.755317" level="INFO" html="true">&lt;/td&gt;&lt;/tr&gt;&lt;tr&gt;&lt;td colspan="3"&gt;&lt;a href="2-selenium-screenshot-1.png"&gt;&lt;img src="2-selenium-screenshot-1.png" width="800px"&gt;&lt;/a&gt;</msg>
<msg time="2025-02-26T16:17:59.755317" level="FAIL">NoSuchElementException: Message: Could not locate element with visible text: Meters; For documentation on this error, please visit: https://www.selenium.dev/documentation/webdriver/troubleshooting/errors#no-such-element-exception
</msg>
<arg>${UNIT_SELECTOR}</arg>
<arg>Meters</arg>
<doc>Selects options from selection list ``locator`` by ``labels``.</doc>
<status status="FAIL" start="2025-02-26T16:17:59.349741" elapsed="0.493051">NoSuchElementException: Message: Could not locate element with visible text: Meters; For documentation on this error, please visit: https://www.selenium.dev/documentation/webdriver/troubleshooting/errors#no-such-element-exception
</status>
</kw>
<kw name="Select From List By Label" owner="SeleniumLibrary">
<arg>${TARGET_UNIT}</arg>
<arg>Kilometers</arg>
<doc>Selects options from selection list ``locator`` by ``labels``.</doc>
<status status="NOT RUN" start="2025-02-26T16:17:59.842792" elapsed="0.000000"/>
</kw>
<kw name="Sleep" owner="BuiltIn">
<arg>2s</arg>
<doc>Pauses the test executed for the given time.</doc>
<status status="NOT RUN" start="2025-02-26T16:17:59.842792" elapsed="0.002025"/>
</kw>
<kw name="Element Should Contain" owner="SeleniumLibrary">
<arg>${OUTPUT_FIELD}</arg>
<arg>0.01</arg>
<doc>Verifies that element ``locator`` contains text ``expected``.</doc>
<status status="NOT RUN" start="2025-02-26T16:17:59.844817" elapsed="0.000000"/>
</kw>
<kw name="Close Browser" owner="SeleniumLibrary" type="TEARDOWN">
<doc>Closes the current browser.</doc>
<status status="PASS" start="2025-02-26T16:17:59.844817" elapsed="2.266817"/>
</kw>
<status status="FAIL" start="2025-02-26T16:17:41.702982" elapsed="20.408652">NoSuchElementException: Message: Could not locate element with visible text: Meters; For documentation on this error, please visit: https://www.selenium.dev/documentation/webdriver/troubleshooting/errors#no-such-element-exception
</status>
</test>
<status status="FAIL" start="2025-02-26T16:17:41.202823" elapsed="20.911490"/>
</suite>
<suite id="s1-s4" name="04 Test Foure copy 3" source="C:\Users\khaba\OneDrive\Bureau\PY\Test-Automation-managements\Test_For_Tests\04_Test_Foure copy 3.robot">
<test id="s1-s4-t1" name="Test Conversion Unité" line="14">
<kw name="Open Browser" owner="SeleniumLibrary">
<msg time="2025-02-26T16:18:08.357660" level="INFO">Opening browser 'Chrome' to base url 'https://www.unitconverters.net/'.</msg>
<arg>${URL}</arg>
<arg>${BROWSER}</arg>
<doc>Opens a new browser instance to the optional ``url``.</doc>
<status status="PASS" start="2025-02-26T16:18:08.351120" elapsed="3.274565"/>
</kw>
<kw name="Maximize Browser Window" owner="SeleniumLibrary">
<doc>Maximizes current browser window.</doc>
<status status="PASS" start="2025-02-26T16:18:11.626632" elapsed="0.053337"/>
</kw>
<kw name="Wait Until Element Is Visible" owner="SeleniumLibrary">
<arg>${CATEGORY_LINK}</arg>
<arg>timeout=5s</arg>
<doc>Waits until the element ``locator`` is visible.</doc>
<status status="PASS" start="2025-02-26T16:18:11.679969" elapsed="0.077345"/>
</kw>
<kw name="Click Element" owner="SeleniumLibrary">
<msg time="2025-02-26T16:18:11.760800" level="INFO">Clicking element 'xpath=//a[text()='Length']'.</msg>
<arg>${CATEGORY_LINK}</arg>
<doc>Click the element identified by ``locator``.</doc>
<status status="PASS" start="2025-02-26T16:18:11.760800" elapsed="0.161934"/>
</kw>
<kw name="Wait Until Element Is Visible" owner="SeleniumLibrary">
<arg>${INPUT_FIELD}</arg>
<arg>timeout=5s</arg>
<doc>Waits until the element ``locator`` is visible.</doc>
<status status="PASS" start="2025-02-26T16:18:11.922734" elapsed="0.039442"/>
</kw>
<kw name="Input Text" owner="SeleniumLibrary">
<msg time="2025-02-26T16:18:11.962176" level="INFO">Typing text '10' into text field 'id=fromVal'.</msg>
<arg>${INPUT_FIELD}</arg>
<arg>10</arg>
<doc>Types the given ``text`` into the text field identified by ``locator``.</doc>
<status status="PASS" start="2025-02-26T16:18:11.962176" elapsed="0.255664"/>
</kw>
<kw name="Select From List By Label" owner="SeleniumLibrary">
<msg time="2025-02-26T16:18:12.219696" level="INFO">Selecting options from selection list 'id=calFrom' by label Meters.</msg>
<msg time="2025-02-26T16:18:12.565856" level="INFO" html="true">&lt;/td&gt;&lt;/tr&gt;&lt;tr&gt;&lt;td colspan="3"&gt;&lt;a href="3-selenium-screenshot-1.png"&gt;&lt;img src="3-selenium-screenshot-1.png" width="800px"&gt;&lt;/a&gt;</msg>
<msg time="2025-02-26T16:18:12.565856" level="FAIL">NoSuchElementException: Message: Could not locate element with visible text: Meters; For documentation on this error, please visit: https://www.selenium.dev/documentation/webdriver/troubleshooting/errors#no-such-element-exception
</msg>
<arg>${UNIT_SELECTOR}</arg>
<arg>Meters</arg>
<doc>Selects options from selection list ``locator`` by ``labels``.</doc>
<status status="FAIL" start="2025-02-26T16:18:12.219696" elapsed="0.349135">NoSuchElementException: Message: Could not locate element with visible text: Meters; For documentation on this error, please visit: https://www.selenium.dev/documentation/webdriver/troubleshooting/errors#no-such-element-exception
</status>
</kw>
<kw name="Select From List By Label" owner="SeleniumLibrary">
<arg>${TARGET_UNIT}</arg>
<arg>Kilometers</arg>
<doc>Selects options from selection list ``locator`` by ``labels``.</doc>
<status status="NOT RUN" start="2025-02-26T16:18:12.570468" elapsed="0.000000"/>
</kw>
<kw name="Sleep" owner="BuiltIn">
<arg>2s</arg>
<doc>Pauses the test executed for the given time.</doc>
<status status="NOT RUN" start="2025-02-26T16:18:12.570468" elapsed="0.000000"/>
</kw>
<kw name="Element Should Contain" owner="SeleniumLibrary">
<arg>${OUTPUT_FIELD}</arg>
<arg>0.01</arg>
<doc>Verifies that element ``locator`` contains text ``expected``.</doc>
<status status="NOT RUN" start="2025-02-26T16:18:12.571739" elapsed="0.000000"/>
</kw>
<kw name="Close Browser" owner="SeleniumLibrary" type="TEARDOWN">
<doc>Closes the current browser.</doc>
<status status="PASS" start="2025-02-26T16:18:12.571739" elapsed="2.262007"/>
</kw>
<status status="FAIL" start="2025-02-26T16:18:08.351120" elapsed="6.482626">NoSuchElementException: Message: Could not locate element with visible text: Meters; For documentation on this error, please visit: https://www.selenium.dev/documentation/webdriver/troubleshooting/errors#no-such-element-exception
</status>
</test>
<status status="FAIL" start="2025-02-26T16:18:07.878617" elapsed="6.958431"/>
</suite>
<doc>[https://pabot.org/?ref=log|Pabot] result from 4 executions.</doc>
<status status="FAIL" start="2025-02-26T16:17:41.160000" elapsed="22.381489"/>
</suite>
<statistics>
<total>
<stat pass="1" fail="3" skip="0">All Tests</stat>
</total>
<tag>
</tag>
<suite>
<stat pass="1" fail="3" skip="0" id="s1" name="Suites">Suites</stat>
<stat pass="1" fail="0" skip="0" id="s1-s1" name="01 Test One copy 2">Suites.01 Test One copy 2</stat>
<stat pass="0" fail="1" skip="0" id="s1-s2" name="02 Test Two copy 2">Suites.02 Test Two copy 2</stat>
<stat pass="0" fail="1" skip="0" id="s1-s3" name="04 Test Foure copy 2">Suites.04 Test Foure copy 2</stat>
<stat pass="0" fail="1" skip="0" id="s1-s4" name="04 Test Foure copy 3">Suites.04 Test Foure copy 3</stat>
</suite>
</statistics>
<errors>
<msg time="2025-02-26T16:17:55.007718" level="WARN">Error sending stats to Plausible: error sending request for url (https://plausible.io/api/event)</msg>
<msg time="2025-02-26T16:17:55.007718" level="WARN">Error sending stats to Plausible: error sending request for url (https://plausible.io/api/event)</msg>
</errors>
</robot>
