<?xml version="1.0" encoding="UTF-8"?>
<robot generator="Robot 7.0 (Python 3.12.3 on win32)" generated="2025-02-26T08:25:12.122645" rpa="false" schemaversion="5">
<suite id="s1" name="Suites">
<suite id="s1-s1" name="01 Test One copy 4" source="C:\Users\khaba\OneDrive\Bureau\PY\Test-Automation-managements\Test_For_Tests\01_Test_One copy 4.robot">
<test id="s1-s1-t1" name="Test Recherche Wikipedia" line="12">
<kw name="Open Browser" owner="SeleniumLibrary">
<msg time="2025-02-26T08:25:12.867611" level="INFO">Opening browser 'Chrome' to base url 'https://www.wikipedia.org/'.</msg>
<arg>${URL}</arg>
<arg>${BROWSER}</arg>
<doc>Opens a new browser instance to the optional ``url``.</doc>
<status status="PASS" start="2025-02-26T08:25:12.867611" elapsed="4.906374"/>
</kw>
<kw name="Maximize Browser Window" owner="SeleniumLibrary">
<doc>Maximizes current browser window.</doc>
<status status="PASS" start="2025-02-26T08:25:17.774924" elapsed="1.060225"/>
</kw>
<kw name="Wait Until Element Is Visible" owner="SeleniumLibrary">
<arg>${SEARCH_FIELD}</arg>
<arg>timeout=5s</arg>
<doc>Waits until the element ``locator`` is visible.</doc>
<status status="PASS" start="2025-02-26T08:25:18.835149" elapsed="0.057081"/>
</kw>
<kw name="Input Text" owner="SeleniumLibrary">
<msg time="2025-02-26T08:25:18.892230" level="INFO">Typing text 'Robot Framework' into text field 'name=search'.</msg>
<arg>${SEARCH_FIELD}</arg>
<arg>Robot Framework</arg>
<doc>Types the given ``text`` into the text field identified by ``locator``.</doc>
<status status="PASS" start="2025-02-26T08:25:18.892230" elapsed="0.262358"/>
</kw>
<kw name="Click Element" owner="SeleniumLibrary">
<msg time="2025-02-26T08:25:19.157215" level="INFO">Clicking element 'xpath=//button[@type='submit']'.</msg>
<arg>${SEARCH_BUTTON}</arg>
<doc>Click the element identified by ``locator``.</doc>
<status status="PASS" start="2025-02-26T08:25:19.154588" elapsed="1.612921"/>
</kw>
<kw name="Wait Until Element Is Visible" owner="SeleniumLibrary">
<arg>${RESULT_TITLE}</arg>
<arg>timeout=5s</arg>
<doc>Waits until the element ``locator`` is visible.</doc>
<status status="PASS" start="2025-02-26T08:25:20.767509" elapsed="0.274978"/>
</kw>
<kw name="Element Should Contain" owner="SeleniumLibrary">
<msg time="2025-02-26T08:25:21.105561" level="INFO">Element 'id=firstHeading' contains text 'Robot Framework'.</msg>
<arg>${RESULT_TITLE}</arg>
<arg>Robot Framework</arg>
<doc>Verifies that element ``locator`` contains text ``expected``.</doc>
<status status="PASS" start="2025-02-26T08:25:21.042487" elapsed="0.063074"/>
</kw>
<kw name="Close Browser" owner="SeleniumLibrary" type="TEARDOWN">
<doc>Closes the current browser.</doc>
<status status="PASS" start="2025-02-26T08:25:21.105561" elapsed="2.355985"/>
</kw>
<status status="PASS" start="2025-02-26T08:25:12.861931" elapsed="10.599615"/>
</test>
<status status="PASS" start="2025-02-26T08:25:12.217153" elapsed="11.246411"/>
</suite>
<status status="PASS" start="2025-02-26T08:25:12.184787" elapsed="11.287731"/>
</suite>
<statistics>
<total>
<stat pass="1" fail="0" skip="0">All Tests</stat>
</total>
<tag>
</tag>
<suite>
<stat pass="1" fail="0" skip="0" id="s1" name="Suites">Suites</stat>
<stat pass="1" fail="0" skip="0" id="s1-s1" name="01 Test One copy 4">Suites.01 Test One copy 4</stat>
</suite>
</statistics>
<errors>
</errors>
</robot>
