<?xml version="1.0" encoding="UTF-8"?>
<robot generator="Robot 7.0 (Python 3.12.3 on win32)" generated="2025-02-25T17:27:33.911668" rpa="false" schemaversion="5">
<suite id="s1" name="Suites">
<suite id="s1-s1" name="02 Test Two" source="C:\Users\khaba\OneDrive\Bureau\PY\Test-Automation-managements\Test_For_Tests\02_Test_Two.robot">
<test id="s1-s1-t1" name="Test Conversion Monnaie XE" line="14">
<kw name="Open Browser" owner="SeleniumLibrary">
<msg time="2025-02-25T17:27:34.225288" level="INFO">Opening browser 'Chrome' to base url 'https://www.xe.com/'.</msg>
<arg>${URL}</arg>
<arg>${BROWSER}</arg>
<doc>Opens a new browser instance to the optional ``url``.</doc>
<status status="PASS" start="2025-02-25T17:27:34.225288" elapsed="49.367889"/>
</kw>
<kw name="Maximize Browser Window" owner="SeleniumLibrary">
<doc>Maximizes current browser window.</doc>
<status status="PASS" start="2025-02-25T17:28:23.593177" elapsed="0.107776"/>
</kw>
<kw name="Wait Until Element Is Visible" owner="SeleniumLibrary">
<msg time="2025-02-25T17:28:29.076784" level="INFO" html="true">&lt;/td&gt;&lt;/tr&gt;&lt;tr&gt;&lt;td colspan="3"&gt;&lt;a href="selenium-screenshot-1.png"&gt;&lt;img src="selenium-screenshot-1.png" width="800px"&gt;&lt;/a&gt;</msg>
<msg time="2025-02-25T17:28:29.076784" level="FAIL">Element 'name=Amount' not visible after 5 seconds.</msg>
<arg>${AMOUNT_FIELD}</arg>
<arg>timeout=5s</arg>
<doc>Waits until the element ``locator`` is visible.</doc>
<status status="FAIL" start="2025-02-25T17:28:23.700953" elapsed="5.375831">Element 'name=Amount' not visible after 5 seconds.</status>
</kw>
<kw name="Input Text" owner="SeleniumLibrary">
<arg>${AMOUNT_FIELD}</arg>
<arg>100</arg>
<doc>Types the given ``text`` into the text field identified by ``locator``.</doc>
<status status="NOT RUN" start="2025-02-25T17:28:29.076784" elapsed="0.002644"/>
</kw>
<kw name="Select From List By Label" owner="SeleniumLibrary">
<arg>${FROM_CURRENCY}</arg>
<arg>EUR</arg>
<doc>Selects options from selection list ``locator`` by ``labels``.</doc>
<status status="NOT RUN" start="2025-02-25T17:28:29.079428" elapsed="0.000000"/>
</kw>
<kw name="Select From List By Label" owner="SeleniumLibrary">
<arg>${TO_CURRENCY}</arg>
<arg>USD</arg>
<doc>Selects options from selection list ``locator`` by ``labels``.</doc>
<status status="NOT RUN" start="2025-02-25T17:28:29.079428" elapsed="0.000000"/>
</kw>
<kw name="Click Element" owner="SeleniumLibrary">
<arg>${CONVERT_BUTTON}</arg>
<doc>Click the element identified by ``locator``.</doc>
<status status="NOT RUN" start="2025-02-25T17:28:29.079428" elapsed="0.000000"/>
</kw>
<kw name="Wait Until Element Is Visible" owner="SeleniumLibrary">
<arg>${RESULT_SECTION}</arg>
<arg>timeout=5s</arg>
<doc>Waits until the element ``locator`` is visible.</doc>
<status status="NOT RUN" start="2025-02-25T17:28:29.079428" elapsed="0.000000"/>
</kw>
<kw name="Element Should Be Visible" owner="SeleniumLibrary">
<arg>${RESULT_SECTION}</arg>
<doc>Verifies that the element identified by ``locator`` is visible.</doc>
<status status="NOT RUN" start="2025-02-25T17:28:29.079428" elapsed="0.000000"/>
</kw>
<kw name="Close Browser" owner="SeleniumLibrary" type="TEARDOWN">
<doc>Closes the current browser.</doc>
<status status="PASS" start="2025-02-25T17:28:29.079428" elapsed="2.199806"/>
</kw>
<status status="FAIL" start="2025-02-25T17:27:34.225288" elapsed="57.053946">Element 'name=Amount' not visible after 5 seconds.</status>
</test>
<status status="FAIL" start="2025-02-25T17:27:33.962098" elapsed="57.325466"/>
</suite>
<status status="FAIL" start="2025-02-25T17:27:33.947386" elapsed="57.340178"/>
</suite>
<statistics>
<total>
<stat pass="0" fail="1" skip="0">All Tests</stat>
</total>
<tag>
</tag>
<suite>
<stat pass="0" fail="1" skip="0" id="s1" name="Suites">Suites</stat>
<stat pass="0" fail="1" skip="0" id="s1-s1" name="02 Test Two">Suites.02 Test Two</stat>
</suite>
</statistics>
<errors>
</errors>
</robot>
