<?xml version="1.0" encoding="UTF-8"?>
<robot generator="Robot 7.0 (Python 3.12.3 on win32)" generated="2025-02-26T16:17:41.096746" rpa="false" schemaversion="5">
<suite id="s1" name="Suites">
<suite id="s1-s1" name="01 Test One copy 2" source="C:\Users\khaba\OneDrive\Bureau\PY\Test-Automation-managements\Test_For_Tests\01_Test_One copy 2.robot">
<test id="s1-s1-t1" name="Test Recherche Wikipedia" line="12">
<kw name="Open Browser" owner="SeleniumLibrary">
<msg time="2025-02-26T16:17:41.719707" level="INFO">Opening browser 'Chrome' to base url 'https://www.wikipedia.org/'.</msg>
<arg>${URL}</arg>
<arg>${BROWSER}</arg>
<doc>Opens a new browser instance to the optional ``url``.</doc>
<status status="PASS" start="2025-02-26T16:17:41.719707" elapsed="16.201513"/>
</kw>
<kw name="Maximize Browser Window" owner="SeleniumLibrary">
<doc>Maximizes current browser window.</doc>
<status status="PASS" start="2025-02-26T16:17:57.923247" elapsed="1.348540"/>
</kw>
<kw name="Wait Until Element Is Visible" owner="SeleniumLibrary">
<arg>${SEARCH_FIELD}</arg>
<arg>timeout=5s</arg>
<doc>Waits until the element ``locator`` is visible.</doc>
<status status="PASS" start="2025-02-26T16:17:59.271787" elapsed="0.066296"/>
</kw>
<kw name="Input Text" owner="SeleniumLibrary">
<msg time="2025-02-26T16:17:59.342055" level="INFO">Typing text 'Robot Framework' into text field 'name=search'.</msg>
<arg>${SEARCH_FIELD}</arg>
<arg>Robot Framework</arg>
<doc>Types the given ``text`` into the text field identified by ``locator``.</doc>
<status status="PASS" start="2025-02-26T16:17:59.338083" elapsed="0.286576"/>
</kw>
<kw name="Click Element" owner="SeleniumLibrary">
<msg time="2025-02-26T16:17:59.625681" level="INFO">Clicking element 'xpath=//button[@type='submit']'.</msg>
<arg>${SEARCH_BUTTON}</arg>
<doc>Click the element identified by ``locator``.</doc>
<status status="PASS" start="2025-02-26T16:17:59.625681" elapsed="1.448944"/>
</kw>
<kw name="Wait Until Element Is Visible" owner="SeleniumLibrary">
<arg>${RESULT_TITLE}</arg>
<arg>timeout=5s</arg>
<doc>Waits until the element ``locator`` is visible.</doc>
<status status="PASS" start="2025-02-26T16:18:01.074625" elapsed="0.129509"/>
</kw>
<kw name="Element Should Contain" owner="SeleniumLibrary">
<msg time="2025-02-26T16:18:01.245240" level="INFO">Element 'id=firstHeading' contains text 'Robot Framework'.</msg>
<arg>${RESULT_TITLE}</arg>
<arg>Robot Framework</arg>
<doc>Verifies that element ``locator`` contains text ``expected``.</doc>
<status status="PASS" start="2025-02-26T16:18:01.204134" elapsed="0.041106"/>
</kw>
<kw name="Close Browser" owner="SeleniumLibrary" type="TEARDOWN">
<doc>Closes the current browser.</doc>
<status status="PASS" start="2025-02-26T16:18:01.245240" elapsed="2.284298"/>
</kw>
<status status="PASS" start="2025-02-26T16:17:41.719707" elapsed="21.809831"/>
</test>
<status status="PASS" start="2025-02-26T16:17:41.188286" elapsed="22.344678"/>
</suite>
<status status="PASS" start="2025-02-26T16:17:41.160144" elapsed="22.381489"/>
</suite>
<statistics>
<total>
<stat pass="1" fail="0" skip="0">All Tests</stat>
</total>
<tag>
</tag>
<suite>
<stat pass="1" fail="0" skip="0" id="s1" name="Suites">Suites</stat>
<stat pass="1" fail="0" skip="0" id="s1-s1" name="01 Test One copy 2">Suites.01 Test One copy 2</stat>
</suite>
</statistics>
<errors>
</errors>
</robot>
